<?xml version="1.0" encoding="UTF-8"?>
<!-- Generated by org.testng.reporters.JUnitReportReporter -->
<testsuite hostname="DESKTOP-JITK5LJ" name="tests.MaxFashionTests" tests="1" failures="0" timestamp="10 Oct 2020 03:34:14 GMT" time="20.596" errors="0">
  <testcase name="testSiginAndSignOut" time="20.596" classname="tests.MaxFashionTests"/>
</testsuite> <!-- tests.MaxFashionTests -->
